# JRE version: OpenJDK Runtime Environment (11.0.10) (build 11.0.10+0-b96-7249189)
# Java VM: OpenJDK 64-Bit Server VM (11.0.10+0-b96-7249189, mixed mode, tiered, compressed oops, g1 gc, windows-amd64)
Heap:
 garbage-first heap   total 568320K, used 309760K [0x0000000080000000, 0x0000000100000000)
  region size 1024K, 102 young (104448K), 4 survivors (4096K)
 Metaspace       used 134289K, capacity 138117K, committed 138444K, reserved 1169408K
  class space    used 16607K, capacity 18025K, committed 18124K, reserved 1048576K
GC Heap History (20 events):
Event: 34.358 GC heap before
{Heap before GC invocations=46 (full 0):
 garbage-first heap   total 242688K, used 133434K [0x0000000080000000, 0x0000000100000000)
  region size 1024K, 11 young (11264K), 6 survivors (6144K)
 Metaspace       used 113549K, capacity 116611K, committed 116812K, reserved 1150976K
  class space    used 14439K, capacity 15597K, committed 15692K, reserved 1048576K
}
Event: 34.377 GC heap after
{Heap after GC invocations=47 (full 0):
 garbage-first heap   total 242688K, used 130016K [0x0000000080000000, 0x0000000100000000)
  region size 1024K, 2 young (2048K), 2 survivors (2048K)
 Metaspace       used 113549K, capacity 116611K, committed 116812K, reserved 1150976K
  class space    used 14439K, capacity 15597K, committed 15692K, reserved 1048576K
}
Event: 35.237 GC heap before
{Heap before GC invocations=47 (full 0):
 garbage-first heap   total 242688K, used 190432K [0x0000000080000000, 0x0000000100000000)
  region size 1024K, 61 young (62464K), 2 survivors (2048K)
 Metaspace       used 114421K, capacity 117472K, committed 117708K, reserved 1150976K
  class space    used 14621K, capacity 15774K, committed 15820K, reserved 1048576K
}
Event: 35.404 GC heap after
{Heap after GC invocations=48 (full 0):
 garbage-first heap   total 291840K, used 159744K [0x0000000080000000, 0x0000000100000000)
  region size 1024K, 8 young (8192K), 8 survivors (8192K)
 Metaspace       used 114421K, capacity 117472K, committed 117708K, reserved 1150976K
  class space    used 14621K, capacity 15774K, committed 15820K, reserved 1048576K
}
Event: 36.030 GC heap before
{Heap before GC invocations=48 (full 0):
 garbage-first heap   total 291840K, used 173056K [0x0000000080000000, 0x0000000100000000)
  region size 1024K, 24 young (24576K), 8 survivors (8192K)
 Metaspace       used 114186K, capacity 117026K, committed 117708K, reserved 1150976K
  class space    used 14510K, capacity 15567K, committed 15820K, reserved 1048576K
}
Event: 36.107 GC heap after
{Heap after GC invocations=49 (full 0):
 garbage-first heap   total 291840K, used 163840K [0x0000000080000000, 0x0000000100000000)
  region size 1024K, 3 young (3072K), 3 survivors (3072K)
 Metaspace       used 114186K, capacity 117026K, committed 117708K, reserved 1150976K
  class space    used 14510K, capacity 15567K, committed 15820K, reserved 1048576K
}
Event: 37.281 GC heap before
{Heap before GC invocations=50 (full 0):
 garbage-first heap   total 291840K, used 222208K [0x0000000080000000, 0x0000000100000000)
  region size 1024K, 57 young (58368K), 3 survivors (3072K)
 Metaspace       used 114290K, capacity 117168K, committed 117964K, reserved 1150976K
  class space    used 14511K, capacity 15567K, committed 15820K, reserved 1048576K
}
Event: 37.318 GC heap after
{Heap after GC invocations=51 (full 0):
 garbage-first heap   total 291840K, used 175936K [0x0000000080000000, 0x0000000100000000)
  region size 1024K, 8 young (8192K), 8 survivors (8192K)
 Metaspace       used 114290K, capacity 117168K, committed 117964K, reserved 1150976K
  class space    used 14511K, capacity 15567K, committed 15820K, reserved 1048576K
}
Event: 37.492 GC heap before
{Heap before GC invocations=51 (full 0):
 garbage-first heap   total 291840K, used 183104K [0x0000000080000000, 0x0000000100000000)
  region size 1024K, 14 young (14336K), 8 survivors (8192K)
 Metaspace       used 114300K, capacity 117169K, committed 117964K, reserved 1150976K
  class space    used 14511K, capacity 15567K, committed 15820K, reserved 1048576K
}
Event: 37.525 GC heap after
{Heap after GC invocations=52 (full 0):
 garbage-first heap   total 291840K, used 166399K [0x0000000080000000, 0x0000000100000000)
  region size 1024K, 2 young (2048K), 2 survivors (2048K)
 Metaspace       used 114300K, capacity 117169K, committed 117964K, reserved 1150976K
  class space    used 14511K, capacity 15567K, committed 15820K, reserved 1048576K
}
Event: 38.314 GC heap before
{Heap before GC invocations=52 (full 0):
 garbage-first heap   total 291840K, used 230911K [0x0000000080000000, 0x0000000100000000)
  region size 1024K, 57 young (58368K), 2 survivors (2048K)
 Metaspace       used 114404K, capacity 117281K, committed 117964K, reserved 1150976K
  class space    used 14514K, capacity 15574K, committed 15820K, reserved 1048576K
}
Event: 38.349 GC heap after
{Heap after GC invocations=53 (full 0):
 garbage-first heap   total 568320K, used 184576K [0x0000000080000000, 0x0000000100000000)
  region size 1024K, 8 young (8192K), 8 survivors (8192K)
 Metaspace       used 114404K, capacity 117281K, committed 117964K, reserved 1150976K
  class space    used 14514K, capacity 15574K, committed 15820K, reserved 1048576K
}
Event: 704.053 GC heap before
{Heap before GC invocations=53 (full 0):
 garbage-first heap   total 568320K, used 337152K [0x0000000080000000, 0x0000000100000000)
  region size 1024K, 135 young (138240K), 8 survivors (8192K)
 Metaspace       used 120154K, capacity 123167K, committed 123596K, reserved 1157120K
  class space    used 15004K, capacity 16143K, committed 16332K, reserved 1048576K
}
Event: 704.131 GC heap after
{Heap after GC invocations=54 (full 0):
 garbage-first heap   total 568320K, used 180430K [0x0000000080000000, 0x0000000100000000)
  region size 1024K, 12 young (12288K), 12 survivors (12288K)
 Metaspace       used 120154K, capacity 123167K, committed 123596K, reserved 1157120K
  class space    used 15004K, capacity 16143K, committed 16332K, reserved 1048576K
}
Event: 1195.224 GC heap before
{Heap before GC invocations=54 (full 0):
 garbage-first heap   total 568320K, used 371918K [0x0000000080000000, 0x0000000100000000)
  region size 1024K, 183 young (187392K), 12 survivors (12288K)
 Metaspace       used 121160K, capacity 124224K, committed 124620K, reserved 1157120K
  class space    used 15024K, capacity 16175K, committed 16332K, reserved 1048576K
}
Event: 1195.311 GC heap after
{Heap after GC invocations=55 (full 0):
 garbage-first heap   total 568320K, used 185061K [0x0000000080000000, 0x0000000100000000)
  region size 1024K, 17 young (17408K), 17 survivors (17408K)
 Metaspace       used 121160K, capacity 124224K, committed 124620K, reserved 1157120K
  class space    used 15024K, capacity 16175K, committed 16332K, reserved 1048576K
}
Event: 2277.586 GC heap before
{Heap before GC invocations=55 (full 0):
 garbage-first heap   total 568320K, used 427749K [0x0000000080000000, 0x0000000100000000)
  region size 1024K, 227 young (232448K), 17 survivors (17408K)
 Metaspace       used 126606K, capacity 130265K, committed 130508K, reserved 1163264K
  class space    used 15747K, capacity 17027K, committed 17100K, reserved 1048576K
}
Event: 2277.838 GC heap after
{Heap after GC invocations=56 (full 0):
 garbage-first heap   total 568320K, used 207680K [0x0000000080000000, 0x0000000100000000)
  region size 1024K, 15 young (15360K), 15 survivors (15360K)
 Metaspace       used 126606K, capacity 130265K, committed 130508K, reserved 1163264K
  class space    used 15747K, capacity 17027K, committed 17100K, reserved 1048576K
}
Event: 2280.247 GC heap before
{Heap before GC invocations=56 (full 0):
 garbage-first heap   total 568320K, used 254784K [0x0000000080000000, 0x0000000100000000)
  region size 1024K, 60 young (61440K), 15 survivors (15360K)
 Metaspace       used 130601K, capacity 134130K, committed 134220K, reserved 1165312K
  class space    used 16159K, capacity 17461K, committed 17484K, reserved 1048576K
}
Event: 2280.360 GC heap after
{Heap after GC invocations=57 (full 0):
 garbage-first heap   total 568320K, used 210432K [0x0000000080000000, 0x0000000100000000)
  region size 1024K, 4 young (4096K), 4 survivors (4096K)
 Metaspace       used 130601K, capacity 134130K, committed 134220K, reserved 1165312K
  class space    used 16159K, capacity 17461K, committed 17484K, reserved 1048576K
}

